<?xml version="1.0" encoding="UTF-8"?>
<testng-results skipped="0" failed="0" total="1" passed="1">
  <reporter-output>
  </reporter-output>
  <suite name="Default suite" duration-ms="221612" started-at="2018-10-11T08:56:56Z" finished-at="2018-10-11T09:00:38Z">
    <groups>
    </groups>
    <test name="Default test" duration-ms="221612" started-at="2018-10-11T08:56:56Z" finished-at="2018-10-11T09:00:38Z">
      <class name="com.test.java.TestWindows">
        <test-method status="PASS" signature="beforeTest()[pri:0, instance:com.test.java.TestWindows@215be6bb]" name="beforeTest" is-config="true" duration-ms="114306" started-at="2018-10-11T14:26:56Z" finished-at="2018-10-11T14:28:51Z">
          <reporter-output>
          </reporter-output>
        </test-method> <!-- beforeTest -->
        <test-method status="PASS" signature="windowtest()[pri:0, instance:com.test.java.TestWindows@215be6bb]" name="windowtest" duration-ms="107218" started-at="2018-10-11T14:28:51Z" finished-at="2018-10-11T14:30:38Z">
          <reporter-output>
          </reporter-output>
        </test-method> <!-- windowtest -->
        <test-method status="PASS" signature="afterTest()[pri:0, instance:com.test.java.TestWindows@215be6bb]" name="afterTest" is-config="true" duration-ms="0" started-at="2018-10-11T14:30:38Z" finished-at="2018-10-11T14:30:38Z">
          <reporter-output>
          </reporter-output>
        </test-method> <!-- afterTest -->
      </class> <!-- com.test.java.TestWindows -->
    </test> <!-- Default test -->
  </suite> <!-- Default suite -->
</testng-results>
